[1680123974.457][INFO]: Starting ChromeDriver 111.0.5563.64 (c710e93d5b63b7095afe8c2c17df34408078439d-refs/branch-heads/5563@{#995}) on port 37641
[1680123974.457][INFO]: Please see https://chromedriver.chromium.org/security-considerations for suggestions on keeping ChromeDriver safe.
[1680123974.732][INFO]: [babd5ca88c01a02a8b462a4e8982812f] COMMAND InitSession {
   "capabilities": {
      "firstMatch": [ {
         "acceptInsecureCerts": true,
         "browserName": "chrome",
         "goog:chromeOptions": {
            "args": [ "--proxy-bypass-list=\u003C-loopback>", "--disable-dev-shm-usage", "--no-sandbox" ],
            "excludeSwitches": [ "enable-automation", "load-extension" ],
            "extensions": [  ],
            "prefs": {
               "credentials_enable_service": false,
               "download.default_directory": "C:\\Users\\Lenovo\\IdeaProjects\\automation\\build\\downloads\\1680123973700_828_1",
               "plugins.always_open_pdf_externally": true
            }
         },
         "pageLoadStrategy": "normal"
      } ]
   },
   "desiredCapabilities": {
      "acceptInsecureCerts": true,
      "acceptSslCerts": true,
      "browserName": "chrome",
      "goog:chromeOptions": {
         "args": [ "--proxy-bypass-list=\u003C-loopback>", "--disable-dev-shm-usage", "--no-sandbox" ],
         "excludeSwitches": [ "enable-automation", "load-extension" ],
         "extensions": [  ],
         "prefs": {
            "credentials_enable_service": false,
            "download.default_directory": "C:\\Users\\Lenovo\\IdeaProjects\\automation\\build\\downloads\\1680123973700_828_1",
            "plugins.always_open_pdf_externally": true
         }
      },
      "handlesAlerts": true,
      "javascriptEnabled": true,
      "pageLoadStrategy": "normal",
      "takesScreenshot": true
   }
}
[1680123974.738][INFO]: Populating Preferences file: {
   "alternate_error_pages": {
      "enabled": false
   },
   "autofill": {
      "enabled": false
   },
   "browser": {
      "check_default_browser": false
   },
   "credentials_enable_service": false,
   "distribution": {
      "import_bookmarks": false,
      "import_history": false,
      "import_search_engine": false,
      "make_chrome_default_for_user": false,
      "skip_first_run_ui": true
   },
   "dns_prefetching": {
      "enabled": false
   },
   "download": {
      "default_directory": "C:\\Users\\Lenovo\\IdeaProjects\\automation\\build\\downloads\\1680123973700_828_1"
   },
   "plugins": {
      "always_open_pdf_externally": true
   },
   "profile": {
      "content_settings": {
         "pattern_pairs": {
            "https://*,*": {
               "media-stream": {
                  "audio": "Default",
                  "video": "Default"
               }
            }
         }
      },
      "default_content_setting_values": {
         "geolocation": 1
      },
      "default_content_settings": {
         "geolocation": 1,
         "mouselock": 1,
         "notifications": 1,
         "popups": 1,
         "ppapi-broker": 1
      },
      "password_manager_enabled": false
   },
   "safebrowsing": {
      "enabled": false
   },
   "search": {
      "suggest_enabled": false
   },
   "translate": {
      "enabled": false
   }
}
[1680123974.739][INFO]: Populating Local State file: {
   "background_mode": {
      "enabled": false
   },
   "ssl": {
      "rev_checking": {
         "enabled": false
      }
   }
}
[1680123974.742][INFO]: Launching chrome: "C:\Program Files\Google\Chrome\Application\chrome.exe" --allow-pre-commit-input --disable-background-networking --disable-backgrounding-occluded-windows --disable-client-side-phishing-detection --disable-default-apps --disable-dev-shm-usage --disable-hang-monitor --disable-popup-blocking --disable-prompt-on-repost --disable-sync --enable-blink-features=ShadowDOMV0 --enable-logging --ignore-certificate-errors --log-level=0 --no-first-run --no-sandbox --no-service-autorun --password-store=basic --proxy-bypass-list=<-loopback> --remote-debugging-port=0 --test-type=webdriver --use-mock-keychain --user-data-dir="C:\Users\Lenovo\AppData\Local\Temp\scoped_dir12280_1274017374" data:,
[1680123975.331][INFO]: resolved localhost to ["::1","127.0.0.1"]
[1680123975.343][INFO]: [babd5ca88c01a02a8b462a4e8982812f] RESPONSE InitSession {
   "capabilities": {
      "acceptInsecureCerts": true,
      "browserName": "chrome",
      "browserVersion": "111.0.5563.112",
      "chrome": {
         "chromedriverVersion": "111.0.5563.64 (c710e93d5b63b7095afe8c2c17df34408078439d-refs/branch-heads/5563@{#995})",
         "userDataDir": "C:\\Users\\Lenovo\\AppData\\Local\\Temp\\scoped_dir12280_1274017374"
      },
      "goog:chromeOptions": {
         "debuggerAddress": "localhost:56859"
      },
      "networkConnectionEnabled": false,
      "pageLoadStrategy": "normal",
      "platformName": "windows",
      "proxy": {
      },
      "setWindowRect": true,
      "strictFileInteractability": false,
      "timeouts": {
         "implicit": 0,
         "pageLoad": 300000,
         "script": 30000
      },
      "unhandledPromptBehavior": "dismiss and notify",
      "webauthn:extension:credBlob": true,
      "webauthn:extension:largeBlob": true,
      "webauthn:extension:minPinLength": true,
      "webauthn:extension:prf": true,
      "webauthn:virtualAuthenticators": true
   },
   "sessionId": "babd5ca88c01a02a8b462a4e8982812f"
}
[1680123975.395][INFO]: [babd5ca88c01a02a8b462a4e8982812f] COMMAND MaximizeWindow {
}
[1680123975.395][INFO]: Waiting for pending navigations...
[1680123975.399][INFO]: Done waiting for pending navigations. Status: ok
[1680123975.519][INFO]: Waiting for pending navigations...
[1680123975.521][INFO]: Done waiting for pending navigations. Status: ok
[1680123975.521][INFO]: [babd5ca88c01a02a8b462a4e8982812f] RESPONSE MaximizeWindow {
   "height": 1056,
   "width": 1936,
   "x": -8,
   "y": -8
}
[1680123975.525][INFO]: [babd5ca88c01a02a8b462a4e8982812f] COMMAND SetTimeouts {
   "pageLoad": 10000
}
[1680123975.525][INFO]: [babd5ca88c01a02a8b462a4e8982812f] RESPONSE SetTimeouts
[1680123975.534][INFO]: [babd5ca88c01a02a8b462a4e8982812f] COMMAND Navigate {
   "url": "https://www.stats.govt.nz/large-datasets/csv-files-for-download/"
}
[1680123975.534][INFO]: Waiting for pending navigations...
[1680123975.535][INFO]: Done waiting for pending navigations. Status: ok
[1680123977.106][INFO]: Waiting for pending navigations...
[1680123980.667][INFO]: Done waiting for pending navigations. Status: ok
[1680123980.667][INFO]: [babd5ca88c01a02a8b462a4e8982812f] RESPONSE Navigate
[1680123980.725][INFO]: [babd5ca88c01a02a8b462a4e8982812f] COMMAND FindElement {
   "using": "xpath",
   "value": "//h3[@class = 'block-document__title']//a[1]"
}
[1680123980.725][INFO]: Waiting for pending navigations...
[1680123980.727][INFO]: Done waiting for pending navigations. Status: ok
[1680123980.740][INFO]: Waiting for pending navigations...
[1680123980.741][INFO]: Done waiting for pending navigations. Status: ok
[1680123980.741][INFO]: [babd5ca88c01a02a8b462a4e8982812f] RESPONSE FindElement {
   "element-6066-11e4-a52e-4f735466cecf": "d0652b2a-aea4-4600-a39d-edada2506533"
}
[1680123980.745][INFO]: [babd5ca88c01a02a8b462a4e8982812f] COMMAND GetElementRect {
   "id": "d0652b2a-aea4-4600-a39d-edada2506533"
}
[1680123980.745][INFO]: Waiting for pending navigations...
[1680123980.746][INFO]: Done waiting for pending navigations. Status: ok
[1680123980.752][INFO]: Waiting for pending navigations...
[1680123980.753][INFO]: Done waiting for pending navigations. Status: ok
[1680123980.753][INFO]: [babd5ca88c01a02a8b462a4e8982812f] RESPONSE GetElementRect {
   "height": 24.0,
   "width": 547.0,
   "x": 391.5,
   "y": 1098.96875
}
[1680123980.758][INFO]: [babd5ca88c01a02a8b462a4e8982812f] COMMAND ExecuteScript {
   "args": [  ],
   "script": "window.scrollTo(391, 1098)"
}
[1680123980.758][INFO]: Waiting for pending navigations...
[1680123980.759][INFO]: Done waiting for pending navigations. Status: ok
[1680123980.761][INFO]: Waiting for pending navigations...
[1680123980.771][INFO]: Done waiting for pending navigations. Status: ok
[1680123980.771][INFO]: [babd5ca88c01a02a8b462a4e8982812f] RESPONSE ExecuteScript null
